{
  "RSpec": {
    "coverage": {
      "/home/dev/Documents/dev/rails_projects/testrd/config/environment.rb": [
        null,
        1,
        null,
        null,
        1
      ],
      "/home/dev/Documents/dev/rails_projects/testrd/config/application.rb": [
        1,
        null,
        1,
        null,
        1,
        1,
        1,
        1,
        1,
        1,
        1,
        null,
        null,
        null,
        null,
        1,
        null,
        1,
        1,
        null,
        null,
        null,
        null,
        null,
        null,
        null,
        null,
        null,
        null,
        null,
        null,
        null,
        1,
        null,
        null
      ],
      "/home/dev/Documents/dev/rails_projects/testrd/config/boot.rb": [
        1,
        null,
        1
      ],
      "/home/dev/Documents/dev/rails_projects/testrd/config/environments/test.rb": [
        1,
        null,
        null,
        null,
        null,
        null,
        null,
        1,
        null,
        null,
        null,
        null,
        1,
        null,
        null,
        1,
        1,
        null,
        null,
        1,
        1,
        null,
        null,
        1,
        null,
        null,
        1,
        null,
        null,
        null,
        null,
        1,
        null,
        null,
        1,
        null,
        null,
        1,
        null,
        null,
        null,
        null
      ],
      "/home/dev/Documents/dev/rails_projects/testrd/config/initializers/assets.rb": [
        null,
        null,
        null,
        1,
        null,
        null,
        null,
        null,
        null,
        null,
        null
      ],
      "/home/dev/Documents/dev/rails_projects/testrd/config/initializers/backtrace_silencers.rb": [
        null,
        null,
        null,
        null,
        null,
        null,
        null
      ],
      "/home/dev/Documents/dev/rails_projects/testrd/config/initializers/cookies_serializer.rb": [
        null,
        null,
        1
      ],
      "/home/dev/Documents/dev/rails_projects/testrd/config/initializers/filter_parameter_logging.rb": [
        null,
        null,
        null,
        1
      ],
      "/home/dev/Documents/dev/rails_projects/testrd/config/initializers/inflections.rb": [
        null,
        null,
        null,
        null,
        null,
        null,
        null,
        null,
        null,
        null,
        null,
        null,
        null,
        null,
        null,
        null
      ],
      "/home/dev/Documents/dev/rails_projects/testrd/config/initializers/mime_types.rb": [
        null,
        null,
        null,
        null
      ],
      "/home/dev/Documents/dev/rails_projects/testrd/config/initializers/session_store.rb": [
        null,
        null,
        1
      ],
      "/home/dev/Documents/dev/rails_projects/testrd/config/initializers/wrap_parameters.rb": [
        null,
        null,
        null,
        null,
        null,
        null,
        1,
        1,
        null,
        null,
        null,
        null,
        null,
        null
      ],
      "/home/dev/Documents/dev/rails_projects/testrd/config/routes.rb": [
        1,
        null,
        1,
        null,
        1,
        null,
        1,
        1,
        null,
        null,
        null,
        null,
        null,
        null,
        null,
        null,
        null,
        null,
        null,
        null,
        null,
        null,
        null,
        null,
        null,
        null,
        null,
        null,
        null,
        null,
        null,
        null,
        null,
        null,
        null,
        null,
        null,
        null,
        null,
        null,
        null,
        null,
        null,
        null,
        null,
        null,
        null,
        null,
        null,
        null,
        null,
        null,
        null,
        null,
        null,
        null,
        null,
        null,
        null,
        null,
        null,
        null,
        null,
        null
      ],
      "/home/dev/Documents/dev/rails_projects/testrd/app/helpers/application_helper.rb": [
        1,
        null,
        null,
        1,
        8,
        8,
        1,
        null,
        7,
        null,
        null,
        null
      ],
      "/home/dev/Documents/dev/rails_projects/testrd/app/helpers/leads_helper.rb": [
        1,
        null
      ],
      "/home/dev/Documents/dev/rails_projects/testrd/app/helpers/static_pages_helper.rb": [
        1,
        null
      ],
      "/home/dev/Documents/dev/rails_projects/testrd/spec/requests/leads_pages_spec.rb": [
        1,
        null,
        1,
        1,
        1,
        1,
        1,
        null,
        null,
        null
      ],
      "/home/dev/Documents/dev/rails_projects/testrd/spec/rails_helper.rb": [
        null,
        1,
        1,
        null,
        1,
        1,
        1,
        null,
        null,
        null,
        null,
        null,
        null,
        null,
        null,
        null,
        null,
        null,
        null,
        null,
        null,
        null,
        null,
        null,
        null,
        null,
        1,
        null,
        1,
        null,
        1,
        null,
        null,
        null,
        null,
        1,
        null,
        null,
        null,
        null,
        null,
        null,
        null,
        null,
        null,
        null,
        null,
        null,
        null,
        null,
        1,
        null
      ],
      "/home/dev/Documents/dev/rails_projects/testrd/spec/requests/static_pages_spec.rb": [
        1,
        1,
        null,
        1,
        null,
        3,
        null,
        1,
        null,
        2,
        null,
        2,
        null,
        null,
        null,
        1,
        null,
        2,
        null,
        2,
        null,
        null,
        null,
        1,
        1,
        1,
        1,
        null,
        null,
        null,
        1,
        1,
        1,
        1,
        null,
        null,
        null,
        1,
        1,
        1,
        1,
        1,
        1,
        null,
        null,
        null
      ],
      "/home/dev/Documents/dev/rails_projects/testrd/spec/support/utilities.rb": [
        1,
        4,
        4,
        0,
        null,
        4,
        null,
        null
      ],
      "/home/dev/Documents/dev/rails_projects/testrd/app/controllers/leads_controller.rb": [
        1,
        null,
        1,
        null,
        1,
        null,
        null,
        null
      ],
      "/home/dev/Documents/dev/rails_projects/testrd/app/controllers/application_controller.rb": [
        1,
        null,
        null,
        1,
        null
      ],
      "/home/dev/Documents/dev/rails_projects/testrd/app/controllers/static_pages_controller.rb": [
        1,
        1,
        null,
        null,
        1,
        null,
        null
      ]
    },
    "timestamp": 1440551992
  }
}
